  testglut.cpp
c:\users\abhin\desktop\evolve1\evolve1\testglut.cpp(140): warning C4244: '=': conversion from 'int' to 'float', possible loss of data
c:\users\abhin\desktop\evolve1\evolve1\testglut.cpp(142): warning C4244: '=': conversion from 'int' to 'float', possible loss of data
c:\users\abhin\desktop\evolve1\evolve1\testglut.cpp(144): warning C4244: '=': conversion from 'int' to 'float', possible loss of data
c:\users\abhin\desktop\evolve1\evolve1\testglut.cpp(155): warning C4305: '-=': truncation from 'double' to 'float'
c:\users\abhin\desktop\evolve1\evolve1\testglut.cpp(184): warning C4244: 'argument': conversion from 'double' to 'float', possible loss of data
c:\users\abhin\desktop\evolve1\evolve1\testglut.cpp(184): warning C4305: 'argument': truncation from 'double' to 'float'
c:\users\abhin\desktop\evolve1\evolve1\testglut.cpp(232): warning C4305: 'argument': truncation from 'double' to 'GLclampf'
testglut.obj : error LNK2019: unresolved external symbol __imp__glutInitWindowPosition@8 referenced in function _main
testglut.obj : error LNK2019: unresolved external symbol __imp__glutInitWindowSize@8 referenced in function _main
testglut.obj : error LNK2019: unresolved external symbol __imp__glutInitDisplayMode@4 referenced in function _main
testglut.obj : error LNK2019: unresolved external symbol __imp__glutMainLoop@0 referenced in function _main
testglut.obj : error LNK2019: unresolved external symbol __imp__glutSwapBuffers@0 referenced in function "void __cdecl display(void)" (?display@@YAXXZ)
testglut.obj : error LNK2019: unresolved external symbol __imp__glutIdleFunc@4 referenced in function _main
testglut.obj : error LNK2019: unresolved external symbol __imp__glutReshapeFunc@4 referenced in function _main
testglut.obj : error LNK2019: unresolved external symbol __imp__glutDisplayFunc@4 referenced in function _main
testglut.obj : error LNK2019: unresolved external symbol __imp____glutInitWithExit@12 referenced in function _glutInit_ATEXIT_HACK@8
testglut.obj : error LNK2019: unresolved external symbol __imp____glutCreateWindowWithExit@8 referenced in function _glutCreateWindow_ATEXIT_HACK@4
C:\Users\abhin\Desktop\Evolve1\Dependencies\Freeglut\lib\x64\freeglut.lib : warning LNK4272: library machine type 'x64' conflicts with target machine type 'X86'
C:\Users\abhin\Desktop\Evolve1\Debug\Evolve1.exe : fatal error LNK1120: 10 unresolved externals
